2021-05-19 20:49:01.295 [restartedMain] INFO  com.gbq.hospital.HospitalApp - Starting HospitalApp on iMac.local with PID 10421 (started by admin in /Users/admin/Desktop/java源码/未上传/springboot医院管理系统/源码/hospital)
2021-05-19 20:49:01.316 [restartedMain] INFO  com.gbq.hospital.HospitalApp - No active profile set, falling back to default profiles: default
2021-05-19 20:49:01.372 [restartedMain] INFO  o.s.b.d.env.DevToolsPropertyDefaultsPostProcessor - Devtools property defaults active! Set 'spring.devtools.add-properties' to 'false' to disable
2021-05-19 20:49:01.372 [restartedMain] INFO  o.s.b.d.env.DevToolsPropertyDefaultsPostProcessor - For additional web related logging consider setting the 'logging.level.web' property to 'DEBUG'
2021-05-19 20:49:02.111 [restartedMain] INFO  o.s.c.s.PostProcessorRegistrationDelegate$BeanPostProcessorChecker - Bean 'shiroConfiguration' of type [com.gbq.hospital.config.shiro.ShiroConfiguration$$EnhancerBySpringCGLIB$$3f13eecc] is not eligible for getting processed by all BeanPostProcessors (for example: not eligible for auto-proxying)
2021-05-19 20:49:02.127 [restartedMain] INFO  com.gbq.hospital.config.shiro.ShiroConfiguration - 注入Shiro的Web过滤器-->securityManager
2021-05-19 20:49:02.565 [restartedMain] INFO  o.s.c.s.PostProcessorRegistrationDelegate$BeanPostProcessorChecker - Bean 'sessionManager' of type [com.gbq.hospital.config.shiro.MySessionManager] is not eligible for getting processed by all BeanPostProcessors (for example: not eligible for auto-proxying)
2021-05-19 20:49:02.567 [restartedMain] INFO  o.s.c.s.PostProcessorRegistrationDelegate$BeanPostProcessorChecker - Bean 'securityManager' of type [org.apache.shiro.web.mgt.DefaultWebSecurityManager] is not eligible for getting processed by all BeanPostProcessors (for example: not eligible for auto-proxying)
2021-05-19 20:49:02.568 [restartedMain] INFO  com.gbq.hospital.config.shiro.ShiroConfiguration - 注入Shiro的Web过滤器-->shiroFilter
2021-05-19 20:49:02.608 [restartedMain] INFO  o.s.c.s.PostProcessorRegistrationDelegate$BeanPostProcessorChecker - Bean 'org.springframework.transaction.annotation.ProxyTransactionManagementConfiguration' of type [org.springframework.transaction.annotation.ProxyTransactionManagementConfiguration$$EnhancerBySpringCGLIB$$e145e408] is not eligible for getting processed by all BeanPostProcessors (for example: not eligible for auto-proxying)
2021-05-19 20:49:02.614 [restartedMain] INFO  o.s.c.s.PostProcessorRegistrationDelegate$BeanPostProcessorChecker - Bean 'authorizationAttributeSourceAdvisor' of type [org.apache.shiro.spring.security.interceptor.AuthorizationAttributeSourceAdvisor] is not eligible for getting processed by all BeanPostProcessors (for example: not eligible for auto-proxying)
2021-05-19 20:49:03.115 [restartedMain] INFO  o.s.boot.web.embedded.tomcat.TomcatWebServer - Tomcat initialized with port(s): 8088 (http)
2021-05-19 20:49:03.140 [restartedMain] INFO  org.apache.catalina.core.StandardService - Starting service [Tomcat]
2021-05-19 20:49:03.141 [restartedMain] INFO  org.apache.catalina.core.StandardEngine - Starting Servlet engine: [Apache Tomcat/9.0.17]
2021-05-19 20:49:03.247 [restartedMain] INFO  o.a.c.core.ContainerBase.[Tomcat].[localhost].[/] - Initializing Spring embedded WebApplicationContext
2021-05-19 20:49:03.248 [restartedMain] INFO  org.springframework.web.context.ContextLoader - Root WebApplicationContext: initialization completed in 1876 ms
2021-05-19 20:49:04.090 [restartedMain] INFO  o.s.scheduling.concurrent.ThreadPoolTaskExecutor - Initializing ExecutorService 'applicationTaskExecutor'
2021-05-19 20:49:04.554 [restartedMain] INFO  o.s.b.d.autoconfigure.OptionalLiveReloadServer - LiveReload server is running on port 35729
2021-05-19 20:49:04.643 [restartedMain] INFO  o.s.boot.web.embedded.tomcat.TomcatWebServer - Tomcat started on port(s): 8088 (http) with context path ''
2021-05-19 20:49:04.645 [restartedMain] INFO  com.gbq.hospital.HospitalApp - Started HospitalApp in 24.135 seconds (JVM running for 31.187)
2021-05-19 20:49:30.584 [http-nio-8088-exec-1] INFO  o.a.c.core.ContainerBase.[Tomcat].[localhost].[/] - Initializing Spring DispatcherServlet 'dispatcherServlet'
2021-05-19 20:49:30.585 [http-nio-8088-exec-1] INFO  org.springframework.web.servlet.DispatcherServlet - Initializing Servlet 'dispatcherServlet'
2021-05-19 20:49:30.590 [http-nio-8088-exec-1] INFO  org.springframework.web.servlet.DispatcherServlet - Completed initialization in 5 ms
2021-05-19 20:49:30.626 [http-nio-8088-exec-1] INFO  o.a.s.session.mgt.AbstractValidatingSessionManager - Enabling session validation scheduler...
2021-05-19 20:50:05.089 [http-nio-8088-exec-4] INFO  com.alibaba.druid.pool.DruidDataSource - {dataSource-1} inited
2021-05-19 20:50:05.361 [http-nio-8088-exec-4] DEBUG com.gbq.hospital.dao.LoginMapper.findByUsername - ==>  Preparing: select * from login where username=? 
2021-05-19 20:50:05.373 [http-nio-8088-exec-4] DEBUG com.gbq.hospital.dao.LoginMapper.findByUsername - ==> Parameters: admin1(String)
2021-05-19 20:50:05.412 [http-nio-8088-exec-4] DEBUG com.gbq.hospital.dao.LoginMapper.findByUsername - <==      Total: 1
2021-05-19 20:50:05.415 [http-nio-8088-exec-4] DEBUG com.gbq.hospital.dao.LoginMapper.findByUsername - ==>  Preparing: select * from login where username=? 
2021-05-19 20:50:05.415 [http-nio-8088-exec-4] DEBUG com.gbq.hospital.dao.LoginMapper.findByUsername - ==> Parameters: admin1(String)
2021-05-19 20:50:05.415 [http-nio-8088-exec-4] DEBUG com.gbq.hospital.dao.LoginMapper.findByUsername - <==      Total: 1
2021-05-19 20:50:10.571 [http-nio-8088-exec-3] DEBUG com.gbq.hospital.dao.DoctorMapper.getAll - ==>  Preparing: select * from doctor where 1=1 order by id 
2021-05-19 20:50:10.571 [http-nio-8088-exec-3] DEBUG com.gbq.hospital.dao.DoctorMapper.getAll - ==> Parameters: 
2021-05-19 20:50:10.597 [http-nio-8088-exec-3] DEBUG com.gbq.hospital.dao.DoctorMapper.getAll - <==      Total: 4
2021-05-19 20:50:13.034 [http-nio-8088-exec-1] DEBUG com.gbq.hospital.dao.PatientMapper.findAll - ==>  Preparing: select p.*,d.name as doctorname from patient p left join appointment a on p.appointmentid=a.id left join doctor d on d.id=a.doctorid where 1=1 order by p.id 
2021-05-19 20:50:13.034 [http-nio-8088-exec-1] DEBUG com.gbq.hospital.dao.PatientMapper.findAll - ==> Parameters: 
2021-05-19 20:50:13.127 [http-nio-8088-exec-1] DEBUG com.gbq.hospital.dao.PatientMapper.findAll - <==      Total: 5
2021-05-19 20:50:14.812 [http-nio-8088-exec-4] DEBUG com.gbq.hospital.dao.DrugsMapper.findAll - ==>  Preparing: select * from drugs where 1=1 
2021-05-19 20:50:14.813 [http-nio-8088-exec-4] DEBUG com.gbq.hospital.dao.DrugsMapper.findAll - ==> Parameters: 
2021-05-19 20:50:14.857 [http-nio-8088-exec-4] DEBUG com.gbq.hospital.dao.DrugsMapper.findAll - <==      Total: 7
2021-05-19 20:50:16.256 [http-nio-8088-exec-3] DEBUG com.gbq.hospital.dao.AppointmentMapper.findAll - ==>  Preparing: select a.*,p.name as patientname,d.name as doctorname,d.department as department from appointment a left join patient p on a.patientid=p.id left join doctor d on d.id=a.doctorid where 1=1 order by a.id 
2021-05-19 20:50:16.257 [http-nio-8088-exec-3] DEBUG com.gbq.hospital.dao.AppointmentMapper.findAll - ==> Parameters: 
2021-05-19 20:50:16.259 [http-nio-8088-exec-3] DEBUG com.gbq.hospital.dao.AppointmentMapper.findAll - <==      Total: 11
2021-05-19 20:50:17.377 [http-nio-8088-exec-8] DEBUG com.gbq.hospital.dao.MedicalhistoryMapper.findAll - ==>  Preparing: select m.*,p.name as patientname,d.name as doctorname from Medicalhistory m left join patient p on p.id=m.patientid left join doctor d on m.doctorid=d.id where 1=1 order by m.id 
2021-05-19 20:50:17.377 [http-nio-8088-exec-8] DEBUG com.gbq.hospital.dao.MedicalhistoryMapper.findAll - ==> Parameters: 
2021-05-19 20:50:17.379 [http-nio-8088-exec-8] DEBUG com.gbq.hospital.dao.MedicalhistoryMapper.findAll - <==      Total: 5
2021-05-19 20:50:18.320 [http-nio-8088-exec-6] DEBUG com.gbq.hospital.dao.HospitalizationMapper.findAll - ==>  Preparing: select h.*,p.name as patientname from hospitalization h left join patient p on p.id=h.patientid where 1=1 order by h.id 
2021-05-19 20:50:18.321 [http-nio-8088-exec-6] DEBUG com.gbq.hospital.dao.HospitalizationMapper.findAll - ==> Parameters: 
2021-05-19 20:50:18.327 [http-nio-8088-exec-6] DEBUG com.gbq.hospital.dao.HospitalizationMapper.findAll - <==      Total: 7
2021-05-19 20:50:19.525 [http-nio-8088-exec-10] DEBUG com.gbq.hospital.dao.LoginMapper.findAllAdmin - ==>  Preparing: select * from login where role=1 
2021-05-19 20:50:19.525 [http-nio-8088-exec-10] DEBUG com.gbq.hospital.dao.LoginMapper.findAllAdmin - ==> Parameters: 
2021-05-19 20:50:19.526 [http-nio-8088-exec-10] DEBUG com.gbq.hospital.dao.LoginMapper.findAllAdmin - <==      Total: 6
2021-05-19 20:50:32.754 [http-nio-8088-exec-5] DEBUG com.gbq.hospital.dao.DoctorMapper.getAll - ==>  Preparing: select * from doctor where 1=1 order by id 
2021-05-19 20:50:32.755 [http-nio-8088-exec-5] DEBUG com.gbq.hospital.dao.DoctorMapper.getAll - ==> Parameters: 
2021-05-19 20:50:32.756 [http-nio-8088-exec-5] DEBUG com.gbq.hospital.dao.DoctorMapper.getAll - <==      Total: 4
2021-05-19 20:50:33.689 [http-nio-8088-exec-7] DEBUG com.gbq.hospital.dao.AppointmentMapper.findAll - ==>  Preparing: select a.*,p.name as patientname,d.name as doctorname,d.department as department from appointment a left join patient p on a.patientid=p.id left join doctor d on d.id=a.doctorid where 1=1 order by a.id 
2021-05-19 20:50:33.690 [http-nio-8088-exec-7] DEBUG com.gbq.hospital.dao.AppointmentMapper.findAll - ==> Parameters: 
2021-05-19 20:50:33.693 [http-nio-8088-exec-7] DEBUG com.gbq.hospital.dao.AppointmentMapper.findAll - <==      Total: 11
2021-05-19 20:51:45.406 [Thread-57] INFO  o.s.scheduling.concurrent.ThreadPoolTaskExecutor - Shutting down ExecutorService 'applicationTaskExecutor'
2021-05-19 20:51:45.428 [Thread-57] INFO  com.alibaba.druid.pool.DruidDataSource - {dataSource-1} closed
2021-05-19 20:51:45.429 [Thread-57] INFO  o.a.s.session.mgt.AbstractValidatingSessionManager - Disabled session validation scheduler.
